<?xml version="1.0" encoding="UTF-8"?>
<!-- Generated by org.testng.reporters.JUnitReportReporter -->
<testsuite skipped="0" hostname="GOT500VI75512" name="com.volvo.mfg.StepDefinition.DriverSuite" tests="1" failures="0" timestamp="02 nov 2018 06:51:25 GMT" time="64.665" errors="0">
  <testcase name="MASWEB_LDJIT_Trailer_Info_Display" time="64.665" classname="com.volvo.mfg.StepDefinition.DriverSuite"/>
</testsuite> <!-- com.volvo.mfg.StepDefinition.DriverSuite -->
